This file contains any messages produced by compilers while
running configure, to aid debugging if configure makes a mistake.

configure:610: checking for a BSD compatible install
configure:663: checking whether build environment is sane
configure:720: checking whether make sets ${MAKE}
configure:766: checking for working aclocal-1.4
configure:779: checking for working autoconf
configure:792: checking for working automake-1.4
configure:805: checking for working autoheader
configure:818: checking for working makeinfo
configure:908: checking host system type
configure:929: checking build system type
configure:949: checking for ranlib
configure:979: checking for gcc
configure:1092: checking whether the C compiler (gcc  ) works
configure:1108: gcc -o conftest    conftest.c  1>&5
configure:1134: checking whether the C compiler (gcc  ) is a cross-compiler
configure:1139: checking whether we are using GNU C
configure:1148: gcc -E conftest.c
configure:1167: checking whether gcc accepts -g
configure:1210: checking for ld used by GCC
configure:1272: checking if the linker (/usr/bin/ld) is GNU ld
GNU ld (GNU Binutils for Ubuntu) 2.20.51-system.20100908
configure:1288: checking for BSD-compatible nm
configure:1324: checking whether ln -s works
ltconfig:603: checking for object suffix
ltconfig:604: gcc -c -g -O2  conftest.c 1>&5
ltconfig:629: checking for executable suffix
ltconfig:630: gcc -o conftest -g -O2   conftest.c  1>&5
ltconfig:776: checking if gcc PIC flag -fPIC works
ltconfig:777: gcc -c -g -O2 -fPIC -DPIC  conftest.c 1>&5
ltconfig:829: checking if gcc supports -c -o file.o
ltconfig:830: gcc -c -g -O2 -o out/conftest2.o  conftest.c 1>&5
ltconfig:862: checking if gcc supports -c -o file.lo
ltconfig:863: gcc -c -g -O2 -c -o conftest.lo  conftest.c 1>&5
ltconfig:914: checking if gcc supports -fno-rtti -fno-exceptions
ltconfig:915: gcc -c -g -O2 -fno-rtti -fno-exceptions -c conftest.c  conftest.c 1>&5
ltconfig:958: checking if gcc static flag -static works
ltconfig:959: gcc -o conftest -g -O2   -static conftest.c  1>&5
GNU ld (GNU Binutils for Ubuntu) 2.20.51-system.20100908
ltconfig:1653: checking if global_symbol_pipe works
ltconfig:1654: gcc -c -g -O2  conftest.c 1>&5
ltconfig:1657: eval "/usr/bin/nm -B conftest.o | sed -n -e 's/^.*[ 	]\([ABCDGISTW]\)[ 	][ 	]*\(\)\([_A-Za-z][_A-Za-z0-9]*\)$/  /p' > conftest.nm"
ltconfig:1709: gcc -o conftest -g -O2 -fno-builtin   conftest.c conftstm.o 1>&5
configure:1511: checking for gcc
configure:1624: checking whether the C compiler (gcc -g -O2 ) works
configure:1640: gcc -o conftest -g -O2   conftest.c  1>&5
configure:1666: checking whether the C compiler (gcc -g -O2 ) is a cross-compiler
configure:1671: checking whether we are using GNU C
configure:1699: checking whether gcc accepts -g
configure:1733: checking for ranlib
configure:1763: checking target system type
configure:1822: checking for sdl-config
configure:1857: checking for SDL - version >= 1.2.0
configure:1942: gcc -o conftest -g -O2 -I/usr/include/SDL -D_GNU_SOURCE=1 -D_REENTRANT   conftest.c  -L/usr/lib -lSDL 1>&5
